<?xml version="1.0" encoding="UTF-8"?>
<testsuite name="simpleGame.SomeTest" tests="2" skipped="0" failures="0" errors="0" timestamp="2016-01-12T16:17:59" hostname="wrks129-139fiec" time="0.017">
  <properties/>
  <testcase name="stubingSimple" classname="simpleGame.SomeTest" time="0.0"/>
  <testcase name="interactions" classname="simpleGame.SomeTest" time="0.0"/>
  <system-out><![CDATA[]]></system-out>
  <system-err><![CDATA[]]></system-err>
</testsuite>
